# JRE version: Java(TM) SE Runtime Environment (8.0_45-b15) (build 1.8.0_45-b15)
# Java VM: Java HotSpot(TM) 64-Bit Server VM (25.45-b02 mixed mode windows-amd64 compressed oops)
Heap:
 PSYoungGen      total 192000K, used 189896K [0x00000000eda00000, 0x00000000f9900000, 0x0000000100000000)
  eden space 188416K, 99% used [0x00000000eda00000,0x00000000f91521b8,0x00000000f9200000)
  from space 3584K, 60% used [0x00000000f9580000,0x00000000f97a0000,0x00000000f9900000)
  to   space 3584K, 0% used [0x00000000f9200000,0x00000000f9200000,0x00000000f9580000)
 ParOldGen       total 38400K, used 5368K [0x00000000c8e00000, 0x00000000cb380000, 0x00000000eda00000)
  object space 38400K, 13% used [0x00000000c8e00000,0x00000000c933e3f0,0x00000000cb380000)
 Metaspace       used 11549K, capacity 11840K, committed 12032K, reserved 1060864K
  class space    used 1424K, capacity 1520K, committed 1536K, reserved 1048576K
GC Heap History (10 events):
Event: 3.477 GC heap before
{Heap before GC invocations=6 (full 0):
 PSYoungGen      total 31744K, used 31728K [0x00000000eda00000, 0x00000000f1900000, 0x0000000100000000)
  eden space 29696K, 100% used [0x00000000eda00000,0x00000000ef700000,0x00000000ef700000)
  from space 2048K, 99% used [0x00000000ef700000,0x00000000ef8fc010,0x00000000ef900000)
  to   space 2560K, 0% used [0x00000000f1680000,0x00000000f1680000,0x00000000f1900000)
 ParOldGen       total 38400K, used 1004K [0x00000000c8e00000, 0x00000000cb380000, 0x00000000eda00000)
  object space 38400K, 2% used [0x00000000c8e00000,0x00000000c8efb010,0x00000000cb380000)
 Metaspace       used 11187K, capacity 11482K, committed 11776K, reserved 1058816K
  class space    used 1408K, capacity 1487K, committed 1536K, reserved 1048576K
Event: 3.490 GC heap after
Heap after GC invocations=6 (full 0):
 PSYoungGen      total 61440K, used 2560K [0x00000000eda00000, 0x00000000f1a00000, 0x0000000100000000)
  eden space 58880K, 0% used [0x00000000eda00000,0x00000000eda00000,0x00000000f1380000)
  from space 2560K, 100% used [0x00000000f1680000,0x00000000f1900000,0x00000000f1900000)
  to   space 3072K, 0% used [0x00000000f1380000,0x00000000f1380000,0x00000000f1680000)
 ParOldGen       total 38400K, used 1012K [0x00000000c8e00000, 0x00000000cb380000, 0x00000000eda00000)
  object space 38400K, 2% used [0x00000000c8e00000,0x00000000c8efd010,0x00000000cb380000)
 Metaspace       used 11187K, capacity 11482K, committed 11776K, reserved 1058816K
  class space    used 1408K, capacity 1487K, committed 1536K, reserved 1048576K
}
Event: 3.704 GC heap before
{Heap before GC invocations=7 (full 0):
 PSYoungGen      total 61440K, used 61440K [0x00000000eda00000, 0x00000000f1a00000, 0x0000000100000000)
  eden space 58880K, 100% used [0x00000000eda00000,0x00000000f1380000,0x00000000f1380000)
  from space 2560K, 100% used [0x00000000f1680000,0x00000000f1900000,0x00000000f1900000)
  to   space 3072K, 0% used [0x00000000f1380000,0x00000000f1380000,0x00000000f1680000)
 ParOldGen       total 38400K, used 1012K [0x00000000c8e00000, 0x00000000cb380000, 0x00000000eda00000)
  object space 38400K, 2% used [0x00000000c8e00000,0x00000000c8efd010,0x00000000cb380000)
 Metaspace       used 11189K, capacity 11482K, committed 11776K, reserved 1058816K
  class space    used 1408K, capacity 1487K, committed 1536K, reserved 1048576K
Event: 3.718 GC heap after
Heap after GC invocations=7 (full 0):
 PSYoungGen      total 61952K, used 1888K [0x00000000eda00000, 0x00000000f5300000, 0x0000000100000000)
  eden space 58880K, 0% used [0x00000000eda00000,0x00000000eda00000,0x00000000f1380000)
  from space 3072K, 61% used [0x00000000f1380000,0x00000000f1558000,0x00000000f1680000)
  to   space 3072K, 0% used [0x00000000f5000000,0x00000000f5000000,0x00000000f5300000)
 ParOldGen       total 38400K, used 2512K [0x00000000c8e00000, 0x00000000cb380000, 0x00000000eda00000)
  object space 38400K, 6% used [0x00000000c8e00000,0x00000000c90743f0,0x00000000cb380000)
 Metaspace       used 11189K, capacity 11482K, committed 11776K, reserved 1058816K
  class space    used 1408K, capacity 1487K, committed 1536K, reserved 1048576K
}
Event: 3.861 GC heap before
{Heap before GC invocations=8 (full 0):
 PSYoungGen      total 61952K, used 60768K [0x00000000eda00000, 0x00000000f5300000, 0x0000000100000000)
  eden space 58880K, 100% used [0x00000000eda00000,0x00000000f1380000,0x00000000f1380000)
  from space 3072K, 61% used [0x00000000f1380000,0x00000000f1558000,0x00000000f1680000)
  to   space 3072K, 0% used [0x00000000f5000000,0x00000000f5000000,0x00000000f5300000)
 ParOldGen       total 38400K, used 2512K [0x00000000c8e00000, 0x00000000cb380000, 0x00000000eda00000)
  object space 38400K, 6% used [0x00000000c8e00000,0x00000000c90743f0,0x00000000cb380000)
 Metaspace       used 11189K, capacity 11482K, committed 11776K, reserved 1058816K
  class space    used 1408K, capacity 1487K, committed 1536K, reserved 1048576K
Event: 3.876 GC heap after
Heap after GC invocations=8 (full 0):
 PSYoungGen      total 120832K, used 2432K [0x00000000eda00000, 0x00000000f5300000, 0x0000000100000000)
  eden space 117760K, 0% used [0x00000000eda00000,0x00000000eda00000,0x00000000f4d00000)
  from space 3072K, 79% used [0x00000000f5000000,0x00000000f5260000,0x00000000f5300000)
  to   space 3072K, 0% used [0x00000000f4d00000,0x00000000f4d00000,0x00000000f5000000)
 ParOldGen       total 38400K, used 2792K [0x00000000c8e00000, 0x00000000cb380000, 0x00000000eda00000)
  object space 38400K, 7% used [0x00000000c8e00000,0x00000000c90ba3f0,0x00000000cb380000)
 Metaspace       used 11189K, capacity 11482K, committed 11776K, reserved 1058816K
  class space    used 1408K, capacity 1487K, committed 1536K, reserved 1048576K
}
Event: 4.258 GC heap before
{Heap before GC invocations=9 (full 0):
 PSYoungGen      total 120832K, used 120192K [0x00000000eda00000, 0x00000000f5300000, 0x0000000100000000)
  eden space 117760K, 100% used [0x00000000eda00000,0x00000000f4d00000,0x00000000f4d00000)
  from space 3072K, 79% used [0x00000000f5000000,0x00000000f5260000,0x00000000f5300000)
  to   space 3072K, 0% used [0x00000000f4d00000,0x00000000f4d00000,0x00000000f5000000)
 ParOldGen       total 38400K, used 2792K [0x00000000c8e00000, 0x00000000cb380000, 0x00000000eda00000)
  object space 38400K, 7% used [0x00000000c8e00000,0x00000000c90ba3f0,0x00000000cb380000)
 Metaspace       used 11189K, capacity 11482K, committed 11776K, reserved 1058816K
  class space    used 1408K, capacity 1487K, committed 1536K, reserved 1048576K
Event: 4.273 GC heap after
Heap after GC invocations=9 (full 0):
 PSYoungGen      total 120832K, used 3072K [0x00000000eda00000, 0x00000000f9900000, 0x0000000100000000)
  eden space 117760K, 0% used [0x00000000eda00000,0x00000000eda00000,0x00000000f4d00000)
  from space 3072K, 100% used [0x00000000f4d00000,0x00000000f5000000,0x00000000f5000000)
  to   space 3584K, 0% used [0x00000000f9580000,0x00000000f9580000,0x00000000f9900000)
 ParOldGen       total 38400K, used 3824K [0x00000000c8e00000, 0x00000000cb380000, 0x00000000eda00000)
  object space 38400K, 9% used [0x00000000c8e00000,0x00000000c91bc3f0,0x00000000cb380000)
 Metaspace       used 11189K, capacity 11482K, committed 11776K, reserved 1058816K
  class space    used 1408K, capacity 1487K, committed 1536K, reserved 1048576K
}
Event: 5.244 GC heap before
{Heap before GC invocations=10 (full 0):
 PSYoungGen      total 120832K, used 120832K [0x00000000eda00000, 0x00000000f9900000, 0x0000000100000000)
  eden space 117760K, 100% used [0x00000000eda00000,0x00000000f4d00000,0x00000000f4d00000)
  from space 3072K, 100% used [0x00000000f4d00000,0x00000000f5000000,0x00000000f5000000)
  to   space 3584K, 0% used [0x00000000f9580000,0x00000000f9580000,0x00000000f9900000)
 ParOldGen       total 38400K, used 3824K [0x00000000c8e00000, 0x00000000cb380000, 0x00000000eda00000)
  object space 38400K, 9% used [0x00000000c8e00000,0x00000000c91bc3f0,0x00000000cb380000)
 Metaspace       used 11381K, capacity 11642K, committed 11776K, reserved 1058816K
  class space    used 1417K, capacity 1519K, committed 1536K, reserved 1048576K
Event: 5.254 GC heap after
Heap after GC invocations=10 (full 0):
 PSYoungGen      total 192000K, used 2176K [0x00000000eda00000, 0x00000000f9900000, 0x0000000100000000)
  eden space 188416K, 0% used [0x00000000eda00000,0x00000000eda00000,0x00000000f9200000)
  from space 3584K, 60% used [0x00000000f9580000,0x00000000f97a0000,0x00000000f9900000)
  to   space 3584K, 0% used [0x00000000f9200000,0x00000000f9200000,0x00000000f9580000)
 ParOldGen       total 38400K, used 5368K [0x00000000c8e00000, 0x00000000cb380000, 0x00000000eda00000)
  object space 38400K, 13% used [0x00000000c8e00000,0x00000000c933e3f0,0x00000000cb380000)
 Metaspace       used 11381K, capacity 11642K, committed 11776K, reserved 1058816K
  class space    used 1417K, capacity 1519K, committed 1536K, reserved 1048576K
}

